<?xml version="1.0" encoding="UTF-8"?>
<testsuite name="Google Traslate" tests="1" skipped="0" failures="0" errors="0" timestamp="2020-03-04T02:24:52" hostname="DESKTOP-76PM7AR" time="0.453">
  <properties/>
  <testcase name="Traslate from Source Languaje to Tarjet Languaje" classname="Google Traslate" time="0.453"/>
  <system-out><![CDATA[]]></system-out>
  <system-err><![CDATA[[Test worker] INFO  - 
        __    _____ _____ ____ _____   ____   _    ____  ____  _____ ____  
  _     \ \  |_   _| ____/ ___|_   _| |  _ \ / \  / ___|/ ___|| ____|  _ \ 
 (_)_____| |   | | |  _| \___ \ | |   | |_) / _ \ \___ \\___ \|  _| | | | |
  _|_____| |   | | | |___ ___) || |   |  __/ ___ \ ___) |___) | |___| |_| |
 (_)     | |   |_| |_____|____/ |_|   |_| /_/   \_\____/|____/|_____|____/ 
        /_/                                                                

Traslate from Source Languaje to Tarjet Languaje
----------------------------------------------------------------------------
]]></system-err>
</testsuite>
